<?xml version="1.0" encoding="UTF-8"?>
<testsuite name="at.technikum.wien.mse.swe.SecurityAccountOverviewConnectorTest" tests="5" skipped="0" failures="0" errors="0" timestamp="2019-11-22T22:04:50" hostname="Iorgreths-PC-Win" time="0.061">
  <properties/>
  <testcase name="testRead_Balance" classname="at.technikum.wien.mse.swe.SecurityAccountOverviewConnectorTest" time="0.05"/>
  <testcase name="testRead_notNull" classname="at.technikum.wien.mse.swe.SecurityAccountOverviewConnectorTest" time="0.002"/>
  <testcase name="testRead_accountNumber" classname="at.technikum.wien.mse.swe.SecurityAccountOverviewConnectorTest" time="0.003"/>
  <testcase name="testRead_DepotOwner" classname="at.technikum.wien.mse.swe.SecurityAccountOverviewConnectorTest" time="0.003"/>
  <testcase name="testRead_riskCategory" classname="at.technikum.wien.mse.swe.SecurityAccountOverviewConnectorTest" time="0.002"/>
  <system-out><![CDATA[]]></system-out>
  <system-err><![CDATA[]]></system-err>
</testsuite>
