<?xml version="1.0" encoding="UTF-8"?>
<testsuite name="at.technikum.wien.mse.swe.SecurityConfigurationConnectorTest" tests="6" skipped="0" failures="0" errors="0" timestamp="2019-11-22T22:04:50" hostname="Iorgreths-PC-Win" time="0.018">
  <properties/>
  <testcase name="testRead_YearLowest" classname="at.technikum.wien.mse.swe.SecurityConfigurationConnectorTest" time="0.004"/>
  <testcase name="testRead_Name" classname="at.technikum.wien.mse.swe.SecurityConfigurationConnectorTest" time="0.002"/>
  <testcase name="testRead_isin" classname="at.technikum.wien.mse.swe.SecurityConfigurationConnectorTest" time="0.003"/>
  <testcase name="testRead_notNull" classname="at.technikum.wien.mse.swe.SecurityConfigurationConnectorTest" time="0.002"/>
  <testcase name="testRead_RiskCatedory" classname="at.technikum.wien.mse.swe.SecurityConfigurationConnectorTest" time="0.002"/>
  <testcase name="testRead_YearHighest" classname="at.technikum.wien.mse.swe.SecurityConfigurationConnectorTest" time="0.004"/>
  <system-out><![CDATA[]]></system-out>
  <system-err><![CDATA[]]></system-err>
</testsuite>
